# JRE version: OpenJDK Runtime Environment (8.0_152-b01) (build 1.8.0_152-release-1343-b01)
# Java VM: OpenJDK 64-Bit Server VM (25.152-b01 mixed mode windows-amd64 compressed oops)
Heap:
 PSYoungGen      total 389120K, used 190571K [0x00000000e0000000, 0x00000000fb200000, 0x0000000100000000)
  eden space 360448K, 44% used [0x00000000e0000000,0x00000000e9e1fbb0,0x00000000f6000000)
  from space 28672K, 99% used [0x00000000f8400000,0x00000000f9ffb060,0x00000000fa000000)
  to   space 36864K, 0% used [0x00000000f6000000,0x00000000f6000000,0x00000000f8400000)
 ParOldGen       total 283136K, used 51757K [0x00000000a0000000, 0x00000000b1480000, 0x00000000e0000000)
  object space 283136K, 18% used [0x00000000a0000000,0x00000000a328b618,0x00000000b1480000)
 Metaspace       used 76434K, capacity 80074K, committed 80344K, reserved 1118208K
  class space    used 10136K, capacity 10881K, committed 11008K, reserved 1048576K
GC Heap History (10 events):
Event: 3.316 GC heap before
{Heap before GC invocations=7 (full 2):
 PSYoungGen      total 272896K, used 10747K [0x00000000e0000000, 0x00000000f4f00000, 0x0000000100000000)
  eden space 262144K, 0% used [0x00000000e0000000,0x00000000e0000000,0x00000000f0000000)
  from space 10752K, 99% used [0x00000000f0000000,0x00000000f0a7eec8,0x00000000f0a80000)
  to   space 14848K, 0% used [0x00000000f4080000,0x00000000f4080000,0x00000000f4f00000)
 ParOldGen       total 110080K, used 13871K [0x00000000a0000000, 0x00000000a6b80000, 0x00000000e0000000)
  object space 110080K, 12% used [0x00000000a0000000,0x00000000a0d8bc50,0x00000000a6b80000)
 Metaspace       used 34729K, capacity 35450K, committed 35456K, reserved 1079296K
  class space    used 4799K, capacity 4992K, committed 4992K, reserved 1048576K
Event: 3.352 GC heap after
Heap after GC invocations=7 (full 2):
 PSYoungGen      total 272896K, used 0K [0x00000000e0000000, 0x00000000f4f00000, 0x0000000100000000)
  eden space 262144K, 0% used [0x00000000e0000000,0x00000000e0000000,0x00000000f0000000)
  from space 10752K, 0% used [0x00000000f0000000,0x00000000f0000000,0x00000000f0a80000)
  to   space 14848K, 0% used [0x00000000f4080000,0x00000000f4080000,0x00000000f4f00000)
 ParOldGen       total 180736K, used 18801K [0x00000000a0000000, 0x00000000ab080000, 0x00000000e0000000)
  object space 180736K, 10% used [0x00000000a0000000,0x00000000a125c490,0x00000000ab080000)
 Metaspace       used 34714K, capacity 35402K, committed 35456K, reserved 1079296K
  class space    used 4795K, capacity 4984K, committed 4992K, reserved 1048576K
}
Event: 4.845 GC heap before
{Heap before GC invocations=8 (full 2):
 PSYoungGen      total 272896K, used 252804K [0x00000000e0000000, 0x00000000f4f00000, 0x0000000100000000)
  eden space 262144K, 96% used [0x00000000e0000000,0x00000000ef6e10f8,0x00000000f0000000)
  from space 10752K, 0% used [0x00000000f0000000,0x00000000f0000000,0x00000000f0a80000)
  to   space 14848K, 0% used [0x00000000f4080000,0x00000000f4080000,0x00000000f4f00000)
 ParOldGen       total 180736K, used 18801K [0x00000000a0000000, 0x00000000ab080000, 0x00000000e0000000)
  object space 180736K, 10% used [0x00000000a0000000,0x00000000a125c490,0x00000000ab080000)
 Metaspace       used 57538K, capacity 58990K, committed 59096K, reserved 1099776K
  class space    used 7757K, capacity 8116K, committed 8192K, reserved 1048576K
Event: 4.859 GC heap after
Heap after GC invocations=8 (full 2):
 PSYoungGen      total 318464K, used 14825K [0x00000000e0000000, 0x00000000f8c00000, 0x0000000100000000)
  eden space 303616K, 0% used [0x00000000e0000000,0x00000000e0000000,0x00000000f2880000)
  from space 14848K, 99% used [0x00000000f4080000,0x00000000f4efa6d8,0x00000000f4f00000)
  to   space 24576K, 0% used [0x00000000f2880000,0x00000000f2880000,0x00000000f4080000)
 ParOldGen       total 180736K, used 32544K [0x00000000a0000000, 0x00000000ab080000, 0x00000000e0000000)
  object space 180736K, 18% used [0x00000000a0000000,0x00000000a1fc82c0,0x00000000ab080000)
 Metaspace       used 57538K, capacity 58990K, committed 59096K, reserved 1099776K
  class space    used 7757K, capacity 8116K, committed 8192K, reserved 1048576K
}
Event: 4.859 GC heap before
{Heap before GC invocations=9 (full 3):
 PSYoungGen      total 318464K, used 14825K [0x00000000e0000000, 0x00000000f8c00000, 0x0000000100000000)
  eden space 303616K, 0% used [0x00000000e0000000,0x00000000e0000000,0x00000000f2880000)
  from space 14848K, 99% used [0x00000000f4080000,0x00000000f4efa6d8,0x00000000f4f00000)
  to   space 24576K, 0% used [0x00000000f2880000,0x00000000f2880000,0x00000000f4080000)
 ParOldGen       total 180736K, used 32544K [0x00000000a0000000, 0x00000000ab080000, 0x00000000e0000000)
  object space 180736K, 18% used [0x00000000a0000000,0x00000000a1fc82c0,0x00000000ab080000)
 Metaspace       used 57538K, capacity 58990K, committed 59096K, reserved 1099776K
  class space    used 7757K, capacity 8116K, committed 8192K, reserved 1048576K
Event: 4.951 GC heap after
Heap after GC invocations=9 (full 3):
 PSYoungGen      total 318464K, used 0K [0x00000000e0000000, 0x00000000f8c00000, 0x0000000100000000)
  eden space 303616K, 0% used [0x00000000e0000000,0x00000000e0000000,0x00000000f2880000)
  from space 14848K, 0% used [0x00000000f4080000,0x00000000f4080000,0x00000000f4f00000)
  to   space 24576K, 0% used [0x00000000f2880000,0x00000000f2880000,0x00000000f4080000)
 ParOldGen       total 283136K, used 42807K [0x00000000a0000000, 0x00000000b1480000, 0x00000000e0000000)
  object space 283136K, 15% used [0x00000000a0000000,0x00000000a29cdcb0,0x00000000b1480000)
 Metaspace       used 57538K, capacity 58990K, committed 59096K, reserved 1099776K
  class space    used 7757K, capacity 8116K, committed 8192K, reserved 1048576K
}
Event: 221.075 GC heap before
{Heap before GC invocations=10 (full 3):
 PSYoungGen      total 318464K, used 303616K [0x00000000e0000000, 0x00000000f8c00000, 0x0000000100000000)
  eden space 303616K, 100% used [0x00000000e0000000,0x00000000f2880000,0x00000000f2880000)
  from space 14848K, 0% used [0x00000000f4080000,0x00000000f4080000,0x00000000f4f00000)
  to   space 24576K, 0% used [0x00000000f2880000,0x00000000f2880000,0x00000000f4080000)
 ParOldGen       total 283136K, used 42807K [0x00000000a0000000, 0x00000000b1480000, 0x00000000e0000000)
  object space 283136K, 15% used [0x00000000a0000000,0x00000000a29cdcb0,0x00000000b1480000)
 Metaspace       used 68663K, capacity 71030K, committed 71256K, reserved 1112064K
  class space    used 9068K, capacity 9553K, committed 9600K, reserved 1048576K
Event: 221.092 GC heap after
Heap after GC invocations=10 (full 3):
 PSYoungGen      total 328192K, used 24554K [0x00000000e0000000, 0x00000000fa000000, 0x0000000100000000)
  eden space 303616K, 0% used [0x00000000e0000000,0x00000000e0000000,0x00000000f2880000)
  from space 24576K, 99% used [0x00000000f2880000,0x00000000f407a828,0x00000000f4080000)
  to   space 28672K, 0% used [0x00000000f8400000,0x00000000f8400000,0x00000000fa000000)
 ParOldGen       total 283136K, used 43083K [0x00000000a0000000, 0x00000000b1480000, 0x00000000e0000000)
  object space 283136K, 15% used [0x00000000a0000000,0x00000000a2a12f08,0x00000000b1480000)
 Metaspace       used 68663K, capacity 71030K, committed 71256K, reserved 1112064K
  class space    used 9068K, capacity 9553K, committed 9600K, reserved 1048576K
}
Event: 223.036 GC heap before
{Heap before GC invocations=11 (full 3):
 PSYoungGen      total 328192K, used 328170K [0x00000000e0000000, 0x00000000fa000000, 0x0000000100000000)
  eden space 303616K, 100% used [0x00000000e0000000,0x00000000f2880000,0x00000000f2880000)
  from space 24576K, 99% used [0x00000000f2880000,0x00000000f407a828,0x00000000f4080000)
  to   space 28672K, 0% used [0x00000000f8400000,0x00000000f8400000,0x00000000fa000000)
 ParOldGen       total 283136K, used 43083K [0x00000000a0000000, 0x00000000b1480000, 0x00000000e0000000)
  object space 283136K, 15% used [0x00000000a0000000,0x00000000a2a12f08,0x00000000b1480000)
 Metaspace       used 73917K, capacity 76828K, committed 77016K, reserved 1116160K
  class space    used 9828K, capacity 10433K, committed 10496K, reserved 1048576K
Event: 223.056 GC heap after
Heap after GC invocations=11 (full 3):
 PSYoungGen      total 389120K, used 28652K [0x00000000e0000000, 0x00000000fb200000, 0x0000000100000000)
  eden space 360448K, 0% used [0x00000000e0000000,0x00000000e0000000,0x00000000f6000000)
  from space 28672K, 99% used [0x00000000f8400000,0x00000000f9ffb060,0x00000000fa000000)
  to   space 36864K, 0% used [0x00000000f6000000,0x00000000f6000000,0x00000000f8400000)
 ParOldGen       total 283136K, used 51757K [0x00000000a0000000, 0x00000000b1480000, 0x00000000e0000000)
  object space 283136K, 18% used [0x00000000a0000000,0x00000000a328b618,0x00000000b1480000)
 Metaspace       used 73917K, capacity 76828K, committed 77016K, reserved 1116160K
  class space    used 9828K, capacity 10433K, committed 10496K, reserved 1048576K
}

